<?xml version="1.0" encoding="UTF-8"?>
<!-- Generated by org.testng.reporters.JUnitReportReporter -->
<testsuite skipped="0" hostname="DESKTOP-UK6UV1L" name="FirstAppiumTest" tests="1" failures="0" timestamp="2019-08-23T04:55:36 PDT" time="22.300" errors="0">
  <testcase name="setup" time="22.300" classname="FirstAppiumTest"/>
</testsuite> <!-- FirstAppiumTest -->
