<?xml version="1.0" encoding="UTF-8"?>
<!-- Generated by org.testng.reporters.JUnitReportReporter -->
<testsuite skipped="0" hostname="DESKTOP-UK6UV1L" name="tests.CheckCilckable" tests="1" failures="0" timestamp="2019-08-30T04:19:40 PDT" time="0.778" errors="0">
  <testcase name="checkClick" time="0.778" classname="tests.CheckCilckable"/>
</testsuite> <!-- tests.CheckCilckable -->
