<?xml version="1.0" encoding="UTF-8"?>
<!-- Generated by org.testng.reporters.JUnitReportReporter -->
<testsuite skipped="0" hostname="DESKTOP-UK6UV1L" name="tests.DragDropTest" tests="1" failures="0" timestamp="2019-08-30T05:12:14 PDT" time="11.001" errors="0">
  <testcase name="test" time="11.001" classname="tests.DragDropTest"/>
</testsuite> <!-- tests.DragDropTest -->
