<?xml version="1.0" encoding="UTF-8"?>
<!-- Generated by org.testng.reporters.JUnitReportReporter -->
<testsuite skipped="0" hostname="DESKTOP-UK6UV1L" name="tests.LongpressDemo" tests="1" failures="0" timestamp="2019-08-30T04:46:41 PDT" time="9.593" errors="0">
  <testcase name="test" time="9.593" classname="tests.LongpressDemo"/>
</testsuite> <!-- tests.LongpressDemo -->
